{"uuid":"6a46285b-3577-4142-8434-2abeb85d042b","historyId":"75d4df103d4625a14561c2ff55d95a36","testCaseId":"[engine:junit-jupiter]/[class:HomeWork_03]/[method:PracticeForm()]","testCaseName":"PracticeForm()","fullName":"HomeWork_03.PracticeForm","labels":[{"name":"junit.platform.uniqueid","value":"[engine:junit-jupiter]/[class:HomeWork_03]/[method:PracticeForm()]"},{"name":"host","value":"MacBook-Air-Maksim.local"},{"name":"thread","value":"63818@MacBook-Air-Maksim.local.Test worker(1)"},{"name":"framework","value":"junit-platform"},{"name":"language","value":"java"},{"name":"package","value":"HomeWork_03"},{"name":"testClass","value":"HomeWork_03"},{"name":"testMethod","value":"PracticeForm"},{"name":"suite","value":"HomeWork_03"}],"links":[],"name":"PracticeForm()","status":"failed","statusDetails":{"known":false,"muted":false,"flaky":false,"message":"Invalid element state [#genterWrapper/by text: Female]: element click intercepted: Element <label title=\"\" for=\"gender-radio-2\" class=\"custom-control-label\">...</label> is not clickable at point (144, 282). Other element would receive the click: <div>...</div>\nScreenshot: file:/Users/maksimkazakov/Desktop/QA_GURU/QA_GURU/build/reports/tests/1710618541985.1.png\nPage source: file:/Users/maksimkazakov/Desktop/QA_GURU/QA_GURU/build/reports/tests/1710618541985.1.html\nTimeout: 4 s.\nCaused by: ElementClickInterceptedException: element click intercepted: Element <label title=\"\" for=\"gender-radio-2\" class=\"custom-control-label\">...</label> is not clickable at point (144, 282). Other element would receive the click: <div>...</div>","trace":"Invalid element state [#genterWrapper/by text: Female]: element click intercepted: Element <label title=\"\" for=\"gender-radio-2\" class=\"custom-control-label\">...</label> is not clickable at point (144, 282). Other element would receive the click: <div>...</div>\nScreenshot: file:/Users/maksimkazakov/Desktop/QA_GURU/QA_GURU/build/reports/tests/1710618541985.1.png\nPage source: file:/Users/maksimkazakov/Desktop/QA_GURU/QA_GURU/build/reports/tests/1710618541985.1.html\nTimeout: 4 s.\nCaused by: ElementClickInterceptedException: element click intercepted: Element <label title=\"\" for=\"gender-radio-2\" class=\"custom-control-label\">...</label> is not clickable at point (144, 282). Other element would receive the click: <div>...</div>\n\tat com.codeborne.selenide.impl.ExceptionWrapper.wrap(ExceptionWrapper.java:26)\n\tat com.codeborne.selenide.impl.SelenideElementProxy.dispatchAndRetry(SelenideElementProxy.java:156)\n\tat com.codeborne.selenide.impl.SelenideElementProxy.invoke(SelenideElementProxy.java:86)\n\tat jdk.proxy3/jdk.proxy3.$Proxy18.click(Unknown Source)\n\tat HomeWork_03.PracticeForm(HomeWork_03.java:36)\n\tat java.base/java.lang.reflect.Method.invoke(Method.java:568)\n\tat java.base/java.util.ArrayList.forEach(ArrayList.java:1511)\n\tat java.base/java.util.ArrayList.forEach(ArrayList.java:1511)\nCaused by: org.openqa.selenium.ElementClickInterceptedException: element click intercepted: Element <label title=\"\" for=\"gender-radio-2\" class=\"custom-control-label\">...</label> is not clickable at point (144, 282). Other element would receive the click: <div>...</div>\n  (Session info: chrome=122.0.6261.129)\nBuild info: version: '4.18.1', revision: 'b1d3319b48'\nSystem info: os.name: 'Mac OS X', os.arch: 'aarch64', os.version: '14.2.1', java.version: '17.0.9'\nDriver info: org.openqa.selenium.chrome.ChromeDriver\nCommand: [ea5095a92a3de0045292e59c0d47e10b, clickElement {id=f.40944C240CEEB9D9C0B52DAA44A2EA4C.d.CF602DE9B488F2689BE82178E91DC3F3.e.41}]\nCapabilities {acceptInsecureCerts: true, browserName: chrome, browserVersion: 122.0.6261.129, chrome: {chromedriverVersion: 122.0.6261.128 (f18a44fedeb..., userDataDir: /var/folders/zl/499w_prx503...}, fedcm:accounts: true, goog:chromeOptions: {debuggerAddress: localhost:63464}, networkConnectionEnabled: false, pageLoadStrategy: normal, platformName: mac, proxy: Proxy(), se:cdp: ws://localhost:63464/devtoo..., se:cdpVersion: 122.0.6261.129, setWindowRect: true, strictFileInteractability: false, timeouts: {implicit: 0, pageLoad: 300000, script: 30000}, unhandledPromptBehavior: accept, webauthn:extension:credBlob: true, webauthn:extension:largeBlob: true, webauthn:extension:minPinLength: true, webauthn:extension:prf: true, webauthn:virtualAuthenticators: true}\nElement: [[[[ChromeDriver: chrome on mac (ea5095a92a3de0045292e59c0d47e10b)] -> css selector: #genterWrapper]] -> xpath: .//*/text()[normalize-space(translate(string(.), '\t\n\rÂ ', '    ')) = \"Female\"]/parent::*]\nSession ID: ea5095a92a3de0045292e59c0d47e10b\n\tat java.base/jdk.internal.reflect.NativeConstructorAccessorImpl.newInstance0(Native Method)\n\tat java.base/jdk.internal.reflect.NativeConstructorAccessorImpl.newInstance(NativeConstructorAccessorImpl.java:77)\n\tat java.base/jdk.internal.reflect.DelegatingConstructorAccessorImpl.newInstance(DelegatingConstructorAccessorImpl.java:45)\n\tat java.base/java.lang.reflect.Constructor.newInstanceWithCaller(Constructor.java:499)\n\tat java.base/java.lang.reflect.Constructor.newInstance(Constructor.java:480)\n\tat org.openqa.selenium.remote.ErrorCodec.decode(ErrorCodec.java:167)\n\tat org.openqa.selenium.remote.codec.w3c.W3CHttpResponseCodec.decode(W3CHttpResponseCodec.java:138)\n\tat org.openqa.selenium.remote.codec.w3c.W3CHttpResponseCodec.decode(W3CHttpResponseCodec.java:50)\n\tat org.openqa.selenium.remote.HttpCommandExecutor.execute(HttpCommandExecutor.java:190)\n\tat org.openqa.selenium.remote.service.DriverCommandExecutor.invokeExecute(DriverCommandExecutor.java:216)\n\tat org.openqa.selenium.remote.service.DriverCommandExecutor.execute(DriverCommandExecutor.java:174)\n\tat org.openqa.selenium.remote.RemoteWebDriver.execute(RemoteWebDriver.java:519)\n\tat org.openqa.selenium.remote.RemoteWebElement.execute(RemoteWebElement.java:223)\n\tat org.openqa.selenium.remote.RemoteWebElement.click(RemoteWebElement.java:76)\n\tat com.codeborne.selenide.commands.Click.defaultClick(Click.java:106)\n\tat com.codeborne.selenide.commands.Click.doClick(Click.java:83)\n\tat com.codeborne.selenide.commands.Click.click(Click.java:59)\n\tat com.codeborne.selenide.commands.Click.execute(Click.java:34)\n\tat com.codeborne.selenide.commands.Click.execute(Click.java:26)\n\tat com.codeborne.selenide.commands.Commands.execute(Commands.java:162)\n\tat com.codeborne.selenide.impl.SelenideElementProxy.dispatchAndRetry(SelenideElementProxy.java:134)\n\t... 6 more\n"},"stage":"finished","description":"","steps":[],"attachments":[],"parameters":[],"start":1710618529595,"stop":1710618542078}